This file contains any messages produced by compilers while
running configure, to aid debugging if configure makes a mistake.

It was created by sg3_utils configure 1.37, which was
generated by GNU Autoconf 2.69.  Invocation command line was

  $ ./configure 

## --------- ##
## Platform. ##
## --------- ##

hostname = hcp-zfs01
uname -m = i86pc
uname -r = 5.11
uname -s = SunOS
uname -v = omnios-6de5e81

/usr/bin/uname -p = i386
/bin/uname -X     = System = SunOS
Node = hcp-zfs01
Release = 5.11
KernelID = omnios-6de5e81
Machine = i86pc
BusType = <unknown>
Serial = <unknown>
Users = <unknown>
OEM# = 0
Origin# = 1
NumCPU = 40

/bin/arch              = i86pc
/usr/bin/arch -k       = i86pc
/usr/convex/getsysinfo = unknown
/usr/bin/hostinfo      = unknown
/bin/machine           = unknown
/usr/bin/oslevel       = unknown
/bin/universe          = unknown

PATH: /usr/gnu/bin
PATH: /opt/csw/bin
PATH: /usr/gnu/bin
PATH: /opt/csw/bin
PATH: /usr/gnu/bin
PATH: /usr/gnu/bin
PATH: /opt/csw/bin
PATH: /opt/csw/sbin
PATH: /usr/gnu/bin
PATH: /usr/bin
PATH: /usr/sbin
PATH: /sbin
PATH: /bin
PATH: /opt/HAC/RSF-1/bin
PATH: /bin
PATH: /root/tools/ec2-api-tools-1.5.5.0/bin
PATH: /root/tools/ec2-api-tools-1.5.5.0/bin


## ----------- ##
## Core tests. ##
## ----------- ##

configure:2177: checking for a BSD-compatible install
configure:2245: result: /usr/gnu/bin/install -c
configure:2256: checking whether build environment is sane
configure:2306: result: yes
configure:2447: checking for a thread-safe mkdir -p
configure:2486: result: /usr/gnu/bin/mkdir -p
configure:2499: checking for gawk
configure:2515: found /usr/bin/gawk
configure:2526: result: gawk
configure:2537: checking whether make sets $(MAKE)
configure:2559: result: yes
configure:2640: checking whether to enable maintainer-specific portions of Makefiles
configure:2649: result: no
configure:2713: checking for gcc
configure:2729: found /usr/bin/gcc
configure:2740: result: gcc
configure:2969: checking for C compiler version
configure:2978: gcc --version >&5
gcc (GCC) 4.6.3
Copyright (C) 2011 Free Software Foundation, Inc.
This is free software; see the source for copying conditions.  There is NO
warranty; not even for MERCHANTABILITY or FITNESS FOR A PARTICULAR PURPOSE.

configure:2989: $? = 0
configure:2978: gcc -v >&5
Using built-in specs.
COLLECT_GCC=gcc
COLLECT_LTO_WRAPPER=/opt/gcc-4.6.3/libexec/gcc/i386-pc-solaris2.11/4.6.3/lto-wrapper
Target: i386-pc-solaris2.11
Configured with: ./configure --prefix=/opt/gcc-4.6.3 --host i386-pc-solaris2.11 --build i386-pc-solaris2.11 --target i386-pc-solaris2.11 --with-boot-ldflags=-R/opt/gcc-4.6.3/lib --with-gmp=/opt/gcc-4.6.3 --with-mpfr=/opt/gcc-4.6.3 --with-mpc=/opt/gcc-4.6.3 --enable-languages=c,c++,fortran,lto --enable-ld=no --with-as=/usr/bin/gas --with-gnu-as --with-build-time-tools=/usr/gnu/i386-pc-solaris2.11/bin
Thread model: posix
gcc version 4.6.3 (GCC) 
configure:2989: $? = 0
configure:2978: gcc -V >&5
gcc: error: unrecognized option '-V'
gcc: fatal error: no input files
compilation terminated.
configure:2989: $? = 1
configure:2978: gcc -qversion >&5
gcc: error: unrecognized option '-qversion'
gcc: fatal error: no input files
compilation terminated.
configure:2989: $? = 1
configure:3009: checking whether the C compiler works
configure:3031: gcc    conftest.c  >&5
configure:3035: $? = 0
configure:3083: result: yes
configure:3086: checking for C compiler default output file name
configure:3088: result: a.out
configure:3094: checking for suffix of executables
configure:3101: gcc -o conftest    conftest.c  >&5
configure:3105: $? = 0
configure:3127: result: 
configure:3149: checking whether we are cross compiling
configure:3157: gcc -o conftest    conftest.c  >&5
configure:3161: $? = 0
configure:3168: ./conftest
configure:3172: $? = 0
configure:3187: result: no
configure:3192: checking for suffix of object files
configure:3214: gcc -c   conftest.c >&5
configure:3218: $? = 0
configure:3239: result: o
configure:3243: checking whether we are using the GNU C compiler
configure:3262: gcc -c   conftest.c >&5
configure:3262: $? = 0
configure:3271: result: yes
configure:3280: checking whether gcc accepts -g
configure:3300: gcc -c -g  conftest.c >&5
configure:3300: $? = 0
configure:3341: result: yes
configure:3358: checking for gcc option to accept ISO C89
configure:3421: gcc  -c -g -O2  conftest.c >&5
configure:3421: $? = 0
configure:3434: result: none needed
configure:3465: checking for style of include used by make
configure:3493: result: GNU
configure:3519: checking dependency style of gcc
configure:3630: result: gcc3
configure:3678: checking build system type
configure:3692: result: i386-pc-solaris2.11
configure:3712: checking host system type
configure:3725: result: i386-pc-solaris2.11
configure:3766: checking how to print strings
configure:3795: result: print -r
configure:3814: checking for a sed that does not truncate output
configure:3878: result: /usr/gnu/bin/sed
configure:3896: checking for grep that handles long lines and -e
configure:3954: result: /usr/gnu/bin/grep
configure:3959: checking for egrep
configure:4021: result: /usr/gnu/bin/grep -E
configure:4026: checking for fgrep
configure:4088: result: /usr/gnu/bin/grep -F
configure:4123: checking for ld used by gcc
configure:4190: result: /usr/ccs/bin/ld
configure:4197: checking if the linker (/usr/ccs/bin/ld) is GNU ld
configure:4212: result: no
configure:4224: checking for BSD- or MS-compatible name lister (nm)
configure:4273: result: /usr/bin/nm -p
configure:4403: checking the name lister (/usr/bin/nm -p) interface
configure:4410: gcc -c -g -O2  conftest.c >&5
configure:4413: /usr/bin/nm -p "conftest.o"
configure:4416: output


conftest.o:
0000000000 s 
0000000000 s 
0000000000 s 
0000000000 b 
0000000000 s 
0000000000 s 
0000000000 s 
0000000000 s 
0000000000 f conftest.c
0000000000 B some_variable
configure:4423: result: BSD nm
configure:4426: checking whether ln -s works
configure:4430: result: yes
configure:4438: checking the maximum length of command line arguments
configure:4569: result: 786240
configure:4586: checking whether the shell understands some XSI constructs
configure:4596: result: yes
configure:4600: checking whether the shell understands "+="
configure:4606: result: yes
configure:4641: checking how to convert i386-pc-solaris2.11 file names to i386-pc-solaris2.11 format
configure:4681: result: func_convert_file_noop
configure:4688: checking how to convert i386-pc-solaris2.11 file names to toolchain format
configure:4708: result: func_convert_file_noop
configure:4715: checking for /usr/ccs/bin/ld option to reload object files
configure:4722: result: -r
configure:4796: checking for objdump
configure:4826: result: no
configure:4855: checking how to recognize dependent libraries
configure:5053: result: pass_all
configure:5138: checking for dlltool
configure:5168: result: no
configure:5198: checking how to associate runtime and link libraries
configure:5225: result: print -r --
configure:5286: checking for ar
configure:5302: found /usr/bin/ar
configure:5313: result: ar
configure:5350: checking for archiver @FILE support
configure:5367: gcc -c -g -O2  conftest.c >&5
configure:5367: $? = 0
configure:5370: ar cru libconftest.a @conftest.lst >&5
ar: cannot open @conftest.lst: No such file or directory
ar: @conftest.lst not found
configure:5373: $? = 1
configure:5393: result: no
configure:5451: checking for strip
configure:5467: found /usr/bin/strip
configure:5478: result: strip
configure:5550: checking for ranlib
configure:5566: found /usr/bin/ranlib
configure:5577: result: ranlib
configure:5679: checking command to parse /usr/bin/nm -p output from gcc object
configure:5799: gcc -c -g -O2  conftest.c >&5
configure:5802: $? = 0
configure:5806: /usr/bin/nm -p conftest.o \| sed -n -e 's/^.*[ ]\([BDRT][BDRT]*\)[ ][ ]*\([_A-Za-z][_A-Za-z0-9]*\)$/\1 \2 \2/p' | sed '/ __gnu_lto/d' \> conftest.nm
configure:5809: $? = 0
configure:5875: gcc -o conftest -g -O2   conftest.c conftstm.o >&5
configure:5878: $? = 0
configure:5916: result: ok
configure:5953: checking for sysroot
configure:5983: result: no
configure:6166: gcc -c -g -O2  conftest.c >&5
configure:6169: $? = 0
configure:6246: checking for mt
configure:6262: found /usr/bin/mt
configure:6273: result: mt
configure:6296: checking if mt is a manifest tool
configure:6302: mt '-?'
mt: unknown command: -?
configure:6310: result: no
configure:6952: checking how to run the C preprocessor
configure:6983: gcc -E  conftest.c
configure:6983: $? = 0
configure:6997: gcc -E  conftest.c
conftest.c:11:28: fatal error: ac_nonexistent.h: No such file or directory
compilation terminated.
configure:6997: $? = 1
configure: failed program was:
| /* confdefs.h */
| #define PACKAGE_NAME "sg3_utils"
| #define PACKAGE_TARNAME "sg3_utils"
| #define PACKAGE_VERSION "1.37"
| #define PACKAGE_STRING "sg3_utils 1.37"
| #define PACKAGE_BUGREPORT "dgilbert@interlog.com"
| #define PACKAGE_URL ""
| #define PACKAGE "sg3_utils"
| #define VERSION "1.37"
| /* end confdefs.h.  */
| #include <ac_nonexistent.h>
configure:7022: result: gcc -E
configure:7042: gcc -E  conftest.c
configure:7042: $? = 0
configure:7056: gcc -E  conftest.c
conftest.c:11:28: fatal error: ac_nonexistent.h: No such file or directory
compilation terminated.
configure:7056: $? = 1
configure: failed program was:
| /* confdefs.h */
| #define PACKAGE_NAME "sg3_utils"
| #define PACKAGE_TARNAME "sg3_utils"
| #define PACKAGE_VERSION "1.37"
| #define PACKAGE_STRING "sg3_utils 1.37"
| #define PACKAGE_BUGREPORT "dgilbert@interlog.com"
| #define PACKAGE_URL ""
| #define PACKAGE "sg3_utils"
| #define VERSION "1.37"
| /* end confdefs.h.  */
| #include <ac_nonexistent.h>
configure:7085: checking for ANSI C header files
configure:7105: gcc -c -g -O2  conftest.c >&5
configure:7105: $? = 0
configure:7178: gcc -o conftest -g -O2   conftest.c  >&5
configure:7178: $? = 0
configure:7178: ./conftest
configure:7178: $? = 0
configure:7189: result: yes
configure:7202: checking for sys/types.h
configure:7202: gcc -c -g -O2  conftest.c >&5
configure:7202: $? = 0
configure:7202: result: yes
configure:7202: checking for sys/stat.h
configure:7202: gcc -c -g -O2  conftest.c >&5
configure:7202: $? = 0
configure:7202: result: yes
configure:7202: checking for stdlib.h
configure:7202: gcc -c -g -O2  conftest.c >&5
configure:7202: $? = 0
configure:7202: result: yes
configure:7202: checking for string.h
configure:7202: gcc -c -g -O2  conftest.c >&5
configure:7202: $? = 0
configure:7202: result: yes
configure:7202: checking for memory.h
configure:7202: gcc -c -g -O2  conftest.c >&5
configure:7202: $? = 0
configure:7202: result: yes
configure:7202: checking for strings.h
configure:7202: gcc -c -g -O2  conftest.c >&5
configure:7202: $? = 0
configure:7202: result: yes
configure:7202: checking for inttypes.h
configure:7202: gcc -c -g -O2  conftest.c >&5
configure:7202: $? = 0
configure:7202: result: yes
configure:7202: checking for stdint.h
configure:7202: gcc -c -g -O2  conftest.c >&5
configure:7202: $? = 0
configure:7202: result: yes
configure:7202: checking for unistd.h
configure:7202: gcc -c -g -O2  conftest.c >&5
configure:7202: $? = 0
configure:7202: result: yes
configure:7216: checking for dlfcn.h
configure:7216: gcc -c -g -O2  conftest.c >&5
configure:7216: $? = 0
configure:7216: result: yes
configure:7422: checking for objdir
configure:7437: result: .libs
configure:7704: checking if gcc supports -fno-rtti -fno-exceptions
configure:7722: gcc -c -g -O2  -fno-rtti -fno-exceptions conftest.c >&5
cc1: warning: command line option '-fno-rtti' is valid for C++/ObjC++ but not for C [enabled by default]
configure:7726: $? = 0
configure:7739: result: no
configure:8066: checking for gcc option to produce PIC
configure:8073: result: -fPIC -DPIC
configure:8081: checking if gcc PIC flag -fPIC -DPIC works
configure:8099: gcc -c -g -O2  -fPIC -DPIC -DPIC conftest.c >&5
configure:8103: $? = 0
configure:8116: result: yes
configure:8145: checking if gcc static flag -static works
configure:8173: result: no
configure:8188: checking if gcc supports -c -o file.o
configure:8209: gcc -c -g -O2  -o out/conftest2.o conftest.c >&5
configure:8213: $? = 0
configure:8235: result: yes
configure:8243: checking if gcc supports -c -o file.o
configure:8290: result: yes
configure:8323: checking whether the gcc linker (/usr/ccs/bin/ld) supports shared libraries
configure:9480: result: yes
configure:9517: checking whether -lc should be explicitly linked in
configure:9525: gcc -c -g -O2  conftest.c >&5
configure:9528: $? = 0
configure:9543: gcc -shared  -fPIC -DPIC -Wl,-z -Wl,text -Wl,-h -Wl,conftest -o conftest conftest.o  -v 2\>\&1 \| /usr/gnu/bin/grep  -lc  \>/dev/null 2\>\&1
configure:9546: $? = 0
configure:9560: result: no
configure:9720: checking dynamic linker characteristics
configure:10454: result: solaris2.11 ld.so
configure:10561: checking how to hardcode library paths into programs
configure:10586: result: immediate
configure:11126: checking whether stripping libraries is possible
configure:11148: result: no
configure:11166: checking if libtool supports shared libraries
configure:11168: result: yes
configure:11171: checking whether to build shared libraries
configure:11192: result: yes
configure:11195: checking whether to build static libraries
configure:11199: result: yes
configure:11238: checking for ANSI C header files
configure:11342: result: yes
configure:11353: checking for linux/types.h
configure:11353: gcc -c -g -O2  conftest.c >&5
conftest.c:29:25: fatal error: linux/types.h: No such file or directory
compilation terminated.
configure:11353: $? = 1
configure: failed program was:
| /* confdefs.h */
| #define PACKAGE_NAME "sg3_utils"
| #define PACKAGE_TARNAME "sg3_utils"
| #define PACKAGE_VERSION "1.37"
| #define PACKAGE_STRING "sg3_utils 1.37"
| #define PACKAGE_BUGREPORT "dgilbert@interlog.com"
| #define PACKAGE_URL ""
| #define PACKAGE "sg3_utils"
| #define VERSION "1.37"
| #define STDC_HEADERS 1
| #define HAVE_SYS_TYPES_H 1
| #define HAVE_SYS_STAT_H 1
| #define HAVE_STDLIB_H 1
| #define HAVE_STRING_H 1
| #define HAVE_MEMORY_H 1
| #define HAVE_STRINGS_H 1
| #define HAVE_INTTYPES_H 1
| #define HAVE_STDINT_H 1
| #define HAVE_UNISTD_H 1
| #define HAVE_DLFCN_H 1
| #define LT_OBJDIR ".libs/"
| #define STDC_HEADERS 1
| /* end confdefs.h.  */
| #ifdef HAVE_LINUX_TYPES_H
|      # include <linux/types.h>
|      #endif
| 
| 
| #include <linux/types.h>
configure:11353: result: no
configure:11353: checking for linux/bsg.h
configure:11353: gcc -c -g -O2  conftest.c >&5
conftest.c:29:23: fatal error: linux/bsg.h: No such file or directory
compilation terminated.
configure:11353: $? = 1
configure: failed program was:
| /* confdefs.h */
| #define PACKAGE_NAME "sg3_utils"
| #define PACKAGE_TARNAME "sg3_utils"
| #define PACKAGE_VERSION "1.37"
| #define PACKAGE_STRING "sg3_utils 1.37"
| #define PACKAGE_BUGREPORT "dgilbert@interlog.com"
| #define PACKAGE_URL ""
| #define PACKAGE "sg3_utils"
| #define VERSION "1.37"
| #define STDC_HEADERS 1
| #define HAVE_SYS_TYPES_H 1
| #define HAVE_SYS_STAT_H 1
| #define HAVE_STDLIB_H 1
| #define HAVE_STRING_H 1
| #define HAVE_MEMORY_H 1
| #define HAVE_STRINGS_H 1
| #define HAVE_INTTYPES_H 1
| #define HAVE_STDINT_H 1
| #define HAVE_UNISTD_H 1
| #define HAVE_DLFCN_H 1
| #define LT_OBJDIR ".libs/"
| #define STDC_HEADERS 1
| /* end confdefs.h.  */
| #ifdef HAVE_LINUX_TYPES_H
|      # include <linux/types.h>
|      #endif
| 
| 
| #include <linux/bsg.h>
configure:11353: result: no
configure:11353: checking for linux/kdev_t.h
configure:11353: gcc -c -g -O2  conftest.c >&5
conftest.c:29:26: fatal error: linux/kdev_t.h: No such file or directory
compilation terminated.
configure:11353: $? = 1
configure: failed program was:
| /* confdefs.h */
| #define PACKAGE_NAME "sg3_utils"
| #define PACKAGE_TARNAME "sg3_utils"
| #define PACKAGE_VERSION "1.37"
| #define PACKAGE_STRING "sg3_utils 1.37"
| #define PACKAGE_BUGREPORT "dgilbert@interlog.com"
| #define PACKAGE_URL ""
| #define PACKAGE "sg3_utils"
| #define VERSION "1.37"
| #define STDC_HEADERS 1
| #define HAVE_SYS_TYPES_H 1
| #define HAVE_SYS_STAT_H 1
| #define HAVE_STDLIB_H 1
| #define HAVE_STRING_H 1
| #define HAVE_MEMORY_H 1
| #define HAVE_STRINGS_H 1
| #define HAVE_INTTYPES_H 1
| #define HAVE_STDINT_H 1
| #define HAVE_UNISTD_H 1
| #define HAVE_DLFCN_H 1
| #define LT_OBJDIR ".libs/"
| #define STDC_HEADERS 1
| /* end confdefs.h.  */
| #ifdef HAVE_LINUX_TYPES_H
|      # include <linux/types.h>
|      #endif
| 
| 
| #include <linux/kdev_t.h>
configure:11353: result: no
configure:11371: checking for getopt_long
configure:11371: gcc -o conftest -g -O2   conftest.c  >&5
configure:11371: $? = 0
configure:11371: result: yes
configure:11384: checking for posix_fadvise
configure:11384: gcc -o conftest -g -O2   conftest.c  >&5
configure:11384: $? = 0
configure:11384: result: yes
configure:11395: checking for posix_memalign
configure:11395: gcc -o conftest -g -O2   conftest.c  >&5
configure:11395: $? = 0
configure:11395: result: yes
configure:11406: checking for sysconf
configure:11406: gcc -o conftest -g -O2   conftest.c  >&5
configure:11406: $? = 0
configure:11406: result: yes
configure:11417: checking for lseek64
configure:11417: gcc -o conftest -g -O2   conftest.c  >&5
configure:11417: $? = 0
configure:11417: result: yes
configure:11751: creating ./config.status

## ---------------------- ##
## Running config.status. ##
## ---------------------- ##

This file was extended by sg3_utils config.status 1.37, which was
generated by GNU Autoconf 2.69.  Invocation command line was

  CONFIG_FILES    = 
  CONFIG_HEADERS  = 
  CONFIG_LINKS    = 
  CONFIG_COMMANDS = 
  $ ./config.status 

on hcp-zfs01

config.status:1105: creating Makefile
config.status:1105: creating include/Makefile
config.status:1105: creating lib/Makefile
config.status:1105: creating src/Makefile
config.status:1105: creating doc/Makefile
config.status:1105: creating scripts/Makefile
config.status:1105: creating config.h
config.status:1334: executing depfiles commands
config.status:1334: executing libtool commands

## ---------------- ##
## Cache variables. ##
## ---------------- ##

ac_cv_build=i386-pc-solaris2.11
ac_cv_c_compiler_gnu=yes
ac_cv_env_CC_set=''
ac_cv_env_CC_value=''
ac_cv_env_CFLAGS_set=''
ac_cv_env_CFLAGS_value=''
ac_cv_env_CPPFLAGS_set=''
ac_cv_env_CPPFLAGS_value=''
ac_cv_env_CPP_set=''
ac_cv_env_CPP_value=''
ac_cv_env_LDFLAGS_set=''
ac_cv_env_LDFLAGS_value=''
ac_cv_env_LIBS_set=''
ac_cv_env_LIBS_value=''
ac_cv_env_build_alias_set=''
ac_cv_env_build_alias_value=''
ac_cv_env_host_alias_set=''
ac_cv_env_host_alias_value=''
ac_cv_env_target_alias_set=''
ac_cv_env_target_alias_value=''
ac_cv_func_getopt_long=yes
ac_cv_func_lseek64=yes
ac_cv_func_posix_fadvise=yes
ac_cv_func_posix_memalign=yes
ac_cv_func_sysconf=yes
ac_cv_header_dlfcn_h=yes
ac_cv_header_inttypes_h=yes
ac_cv_header_linux_bsg_h=no
ac_cv_header_linux_kdev_t_h=no
ac_cv_header_linux_types_h=no
ac_cv_header_memory_h=yes
ac_cv_header_stdc=yes
ac_cv_header_stdint_h=yes
ac_cv_header_stdlib_h=yes
ac_cv_header_string_h=yes
ac_cv_header_strings_h=yes
ac_cv_header_sys_stat_h=yes
ac_cv_header_sys_types_h=yes
ac_cv_header_unistd_h=yes
ac_cv_host=i386-pc-solaris2.11
ac_cv_objext=o
ac_cv_path_EGREP='/usr/gnu/bin/grep -E'
ac_cv_path_FGREP='/usr/gnu/bin/grep -F'
ac_cv_path_GREP=/usr/gnu/bin/grep
ac_cv_path_SED=/usr/gnu/bin/sed
ac_cv_path_install='/usr/gnu/bin/install -c'
ac_cv_path_mkdir=/usr/gnu/bin/mkdir
ac_cv_prog_AWK=gawk
ac_cv_prog_CPP='gcc -E'
ac_cv_prog_ac_ct_AR=ar
ac_cv_prog_ac_ct_CC=gcc
ac_cv_prog_ac_ct_MANIFEST_TOOL=mt
ac_cv_prog_ac_ct_RANLIB=ranlib
ac_cv_prog_ac_ct_STRIP=strip
ac_cv_prog_cc_c89=''
ac_cv_prog_cc_g=yes
ac_cv_prog_make_make_set=yes
am_cv_CC_dependencies_compiler_type=gcc3
lt_cv_ar_at_file=no
lt_cv_archive_cmds_need_lc=no
lt_cv_deplibs_check_method=pass_all
lt_cv_file_magic_cmd='$MAGIC_CMD'
lt_cv_file_magic_test_file=''
lt_cv_ld_reload_flag=-r
lt_cv_nm_interface='BSD nm'
lt_cv_objdir=.libs
lt_cv_path_LD=/usr/ccs/bin/ld
lt_cv_path_NM='/usr/bin/nm -p'
lt_cv_path_mainfest_tool=no
lt_cv_prog_compiler_c_o=yes
lt_cv_prog_compiler_pic='-fPIC -DPIC'
lt_cv_prog_compiler_pic_works=yes
lt_cv_prog_compiler_rtti_exceptions=no
lt_cv_prog_compiler_static_works=no
lt_cv_prog_gnu_ld=no
lt_cv_sharedlib_from_linklib_cmd='print -r --'
lt_cv_sys_global_symbol_pipe=$'sed -n -e \'s/^.*[\t ]\\([BDRT][BDRT]*\\)[\t ][\t ]*\\([_A-Za-z][_A-Za-z0-9]*\\)$/\\1 \\2 \\2/p\' | sed \'/ __gnu_lto/d\''
lt_cv_sys_global_symbol_to_c_name_address=$'sed -n -e \'s/^: \\([^ ]*\\)[ ]*$/  {\\"\\1\\", (void *) 0},/p\' -e \'s/^[BDRT]* \\([^ ]*\\) \\([^ ]*\\)$/  {"\\2", (void *) \\&\\2},/p\''
lt_cv_sys_global_symbol_to_c_name_address_lib_prefix=$'sed -n -e \'s/^: \\([^ ]*\\)[ ]*$/  {\\"\\1\\", (void *) 0},/p\' -e \'s/^[BDRT]* \\([^ ]*\\) \\(lib[^ ]*\\)$/  {"\\2", (void *) \\&\\2},/p\' -e \'s/^[BDRT]* \\([^ ]*\\) \\([^ ]*\\)$/  {"lib\\2", (void *) \\&\\2},/p\''
lt_cv_sys_global_symbol_to_cdecl=$'sed -n -e \'s/^T .* \\(.*\\)$/extern int \\1();/p\' -e \'s/^[BDRT]* .* \\(.*\\)$/extern char \\1;/p\''
lt_cv_sys_max_cmd_len=786240
lt_cv_to_host_file_cmd=func_convert_file_noop
lt_cv_to_tool_file_cmd=func_convert_file_noop

## ----------------- ##
## Output variables. ##
## ----------------- ##

ACLOCAL='${SHELL} /root/tools/utils/sg3_utils-1.37/missing --run aclocal-1.11'
AMDEPBACKSLASH='\'
AMDEP_FALSE='#'
AMDEP_TRUE=''
AMTAR='$${TAR-tar}'
AR='ar'
AUTOCONF='${SHELL} /root/tools/utils/sg3_utils-1.37/missing --run autoconf'
AUTOHEADER='${SHELL} /root/tools/utils/sg3_utils-1.37/missing --run autoheader'
AUTOMAKE='${SHELL} /root/tools/utils/sg3_utils-1.37/missing --run automake-1.11'
AWK='gawk'
CC='gcc'
CCDEPMODE='depmode=gcc3'
CFLAGS='-g -O2'
CPP='gcc -E'
CPPFLAGS=''
CYGPATH_W='echo'
DEFS='-DHAVE_CONFIG_H'
DEPDIR='.deps'
DLLTOOL='false'
DSYMUTIL=''
DUMPBIN=''
ECHO_C='\c'
ECHO_N=''
ECHO_T=''
EGREP='/usr/gnu/bin/grep -E'
EXEEXT=''
FGREP='/usr/gnu/bin/grep -F'
GETOPT_O_FILES=''
GREP='/usr/gnu/bin/grep'
INSTALL_DATA='${INSTALL} -m 644'
INSTALL_PROGRAM='${INSTALL}'
INSTALL_SCRIPT='${INSTALL}'
INSTALL_STRIP_PROGRAM='$(install_sh) -c -s'
LD='/usr/ccs/bin/ld'
LDFLAGS=''
LIBOBJS=''
LIBS=''
LIBTOOL='$(SHELL) $(top_builddir)/libtool'
LIPO=''
LN_S='ln -s'
LTLIBOBJS=''
MAINT='#'
MAINTAINER_MODE_FALSE=''
MAINTAINER_MODE_TRUE='#'
MAKEINFO='${SHELL} /root/tools/utils/sg3_utils-1.37/missing --run makeinfo'
MANIFEST_TOOL=':'
MKDIR_P='/usr/gnu/bin/mkdir -p'
NM='/usr/bin/nm -p'
NMEDIT=''
OBJDUMP='false'
OBJEXT='o'
OS_FREEBSD_FALSE=''
OS_FREEBSD_TRUE='#'
OS_LINUX_FALSE=''
OS_LINUX_TRUE='#'
OS_OSF_FALSE=''
OS_OSF_TRUE='#'
OS_SOLARIS_FALSE='#'
OS_SOLARIS_TRUE=''
OS_WIN32_CYGWIN_FALSE=''
OS_WIN32_CYGWIN_TRUE='#'
OS_WIN32_MINGW_FALSE=''
OS_WIN32_MINGW_TRUE='#'
OTOOL64=''
OTOOL=''
PACKAGE='sg3_utils'
PACKAGE_BUGREPORT='dgilbert@interlog.com'
PACKAGE_NAME='sg3_utils'
PACKAGE_STRING='sg3_utils 1.37'
PACKAGE_TARNAME='sg3_utils'
PACKAGE_URL=''
PACKAGE_VERSION='1.37'
PATH_SEPARATOR=':'
RANLIB='ranlib'
SED='/usr/gnu/bin/sed'
SET_MAKE=''
SHELL='/bin/sh'
STRIP='strip'
VERSION='1.37'
ac_ct_AR='ar'
ac_ct_CC='gcc'
ac_ct_DUMPBIN=''
am__EXEEXT_FALSE=''
am__EXEEXT_TRUE='#'
am__fastdepCC_FALSE='#'
am__fastdepCC_TRUE=''
am__include='include'
am__isrc=''
am__leading_dot='.'
am__nodep='_no'
am__quote=''
am__tar='$${TAR-tar} chof - "$$tardir"'
am__untar='$${TAR-tar} xf -'
bindir='${exec_prefix}/bin'
build='i386-pc-solaris2.11'
build_alias=''
build_cpu='i386'
build_os='solaris2.11'
build_vendor='pc'
datadir='${datarootdir}'
datarootdir='${prefix}/share'
docdir='${datarootdir}/doc/${PACKAGE_TARNAME}'
dvidir='${docdir}'
exec_prefix='${prefix}'
host='i386-pc-solaris2.11'
host_alias=''
host_cpu='i386'
host_os='solaris2.11'
host_vendor='pc'
htmldir='${docdir}'
includedir='${prefix}/include'
infodir='${datarootdir}/info'
install_sh='${SHELL} /root/tools/utils/sg3_utils-1.37/install-sh'
libdir='${exec_prefix}/lib'
libexecdir='${exec_prefix}/libexec'
localedir='${datarootdir}/locale'
localstatedir='${prefix}/var'
mandir='${datarootdir}/man'
mkdir_p='/usr/gnu/bin/mkdir -p'
oldincludedir='/usr/include'
os_libs=''
pdfdir='${docdir}'
prefix='/usr/local'
program_transform_name='s,x,x,'
psdir='${docdir}'
sbindir='${exec_prefix}/sbin'
sharedstatedir='${prefix}/com'
sysconfdir='${prefix}/etc'
target_alias=''

## ----------- ##
## confdefs.h. ##
## ----------- ##

/* confdefs.h */
#define PACKAGE_NAME "sg3_utils"
#define PACKAGE_TARNAME "sg3_utils"
#define PACKAGE_VERSION "1.37"
#define PACKAGE_STRING "sg3_utils 1.37"
#define PACKAGE_BUGREPORT "dgilbert@interlog.com"
#define PACKAGE_URL ""
#define PACKAGE "sg3_utils"
#define VERSION "1.37"
#define STDC_HEADERS 1
#define HAVE_SYS_TYPES_H 1
#define HAVE_SYS_STAT_H 1
#define HAVE_STDLIB_H 1
#define HAVE_STRING_H 1
#define HAVE_MEMORY_H 1
#define HAVE_STRINGS_H 1
#define HAVE_INTTYPES_H 1
#define HAVE_STDINT_H 1
#define HAVE_UNISTD_H 1
#define HAVE_DLFCN_H 1
#define LT_OBJDIR ".libs/"
#define STDC_HEADERS 1
#define HAVE_GETOPT_LONG 1
#define HAVE_POSIX_FADVISE 1
#define HAVE_POSIX_MEMALIGN 1
#define HAVE_SYSCONF 1
#define HAVE_LSEEK64 1
#define SG_LIB_BUILD_HOST "i386-pc-solaris2.11"
#define SG_LIB_SOLARIS 1
#define SG_SCSI_STRINGS 1

configure: exit 0
